<?xml version="1.0" encoding="UTF-8"?>
<!-- Generated by org.testng.reporters.JUnitXMLReporter -->
<testsuite hostname="TestingWorld-PC" name="Default test" tests="4" failures="0" timestamp="2 Apr 2017 06:22:10 GMT" time="70.061" errors="0">
  <testcase name="tc_001" time="0.407" classname="org.hcl.testcases.TC_001_Login_Logout_Positive_Credentials"/>
  <testcase name="tc_001" time="1.246" classname="org.hcl.testcases.TC_001_Login_Logout_Positive_Credentials"/>
  <testcase name="tc_001" time="1.524" classname="org.hcl.testcases.TC_001_Login_Logout_Positive_Credentials"/>
  <testcase name="tc_001" time="1.244" classname="org.hcl.testcases.TC_001_Login_Logout_Positive_Credentials"/>
</testsuite> <!-- Default test -->
